<?xml version="1.0" encoding="UTF-8"?>
<testsuite xmlns:xsi="http://www.w3.org/2001/XMLSchema-instance" xsi:noNamespaceSchemaLocation="https://maven.apache.org/surefire/maven-surefire-plugin/xsd/surefire-test-report-3.0.xsd" version="3.0" name="com.ops.server.controller.ProjectControllerTest" time="0.03" tests="8" errors="0" skipped="0" failures="0">
  <properties>
[...]
</properties>
  <testcase name="getProject_found" classname="com.ops.server.controller.ProjectControllerTest" time="0.004">
    <system-out><![CDATA[2026-06-19 07:27:03 [main] INFO  o.s.b.t.c.SpringBootTestContextBootstrapper - Neither @ContextConfiguration nor @ContextHierarchy found for test class [com.ops.server.controller.ProjectControllerTest], using SpringBootContextLoader
2026-06-19 07:27:03 [main] INFO  o.s.t.c.s.AbstractContextLoader - Could not detect default resource locations for test class [com.ops.server.controller.ProjectControllerTest]: no resource found for suffixes {-context.xml, Context.groovy}.
2026-06-19 07:27:03 [main] INFO  o.s.t.c.s.AnnotationConfigContextLoaderUtils - Could not detect default configuration classes for test class [com.ops.server.controller.ProjectControllerTest]: ProjectControllerTest does not declare any static, non-private, non-final, nested classes annotated with @Configuration.
2026-06-19 07:27:03 [main] INFO  o.s.b.t.c.SpringBootTestContextBootstrapper - Found @SpringBootConfiguration com.ops.server.ServerApplication for test class com.ops.server.controller.ProjectControllerTest
2026-06-19 07:27:03 [main] INFO  o.s.b.t.c.SpringBootTestContextBootstrapper - Loaded default TestExecutionListener class names from location [META-INF/spring.factories]: [org.springframework.boot.test.mock.mockito.MockitoTestExecutionListener, org.springframework.boot.test.mock.mockito.ResetMocksTestExecutionListener, org.springframework.boot.test.autoconfigure.restdocs.RestDocsTestExecutionListener, org.springframework.boot.test.autoconfigure.web.client.MockRestServiceServerResetTestExecutionListener, org.springframework.boot.test.autoconfigure.web.servlet.MockMvcPrintOnlyOnFailureTestExecutionListener, org.springframework.boot.test.autoconfigure.web.servlet.WebDriverTestExecutionListener, org.springframework.boot.test.autoconfigure.webservices.client.MockWebServiceServerTestExecutionListener, org.springframework.test.context.web.ServletTestExecutionListener, org.springframework.test.context.support.DirtiesContextBeforeModesTestExecutionListener, org.springframework.test.context.event.ApplicationEventsTestExecutionListener, org.springframework.test.context.support.DependencyInjectionTestExecutionListener, org.springframework.test.context.support.DirtiesContextTestExecutionListener, org.springframework.test.context.transaction.TransactionalTestExecutionListener, org.springframework.test.context.jdbc.SqlScriptsTestExecutionListener, org.springframework.test.context.event.EventPublishingTestExecutionListener]
2026-06-19 07:27:03 [main] INFO  o.s.b.t.c.SpringBootTestContextBootstrapper - Using TestExecutionListeners: [org.springframework.test.context.web.ServletTestExecutionListener@322ab6ce, org.springframework.test.context.support.DirtiesContextBeforeModesTestExecutionListener@5b74902c, org.springframework.test.context.event.ApplicationEventsTestExecutionListener@4e4bfd9c, org.springframework.boot.test.mock.mockito.MockitoTestExecutionListener@43ee1cf7, org.springframework.boot.test.autoconfigure.SpringBootDependencyInjectionTestExecutionListener@24954e82, org.springframework.test.context.support.DirtiesContextTestExecutionListener@5b1f5fcc, org.springframework.test.context.transaction.TransactionalTestExecutionListener@4a29fe2e, org.springframework.test.context.jdbc.SqlScriptsTestExecutionListener@79135a38, org.springframework.test.context.event.EventPublishingTestExecutionListener@77fceac6, org.springframework.boot.test.mock.mockito.ResetMocksTestExecutionListener@563c3aca, org.springframework.boot.test.autoconfigure.restdocs.RestDocsTestExecutionListener@53e166ad, org.springframework.boot.test.autoconfigure.web.client.MockRestServiceServerResetTestExecutionListener@30c03473, org.springframework.boot.test.autoconfigure.web.servlet.MockMvcPrintOnlyOnFailureTestExecutionListener@20fa5277, org.springframework.boot.test.autoconfigure.web.servlet.WebDriverTestExecutionListener@17a7d6c8, org.springframework.boot.test.autoconfigure.webservices.client.MockWebServiceServerTestExecutionListener@4f2b1e9f]
]]></system-out>
  </testcase>
  <testcase name="updateProject" classname="com.ops.server.controller.ProjectControllerTest" time="0.003"/>
  <testcase name="getProject_notFound" classname="com.ops.server.controller.ProjectControllerTest" time="0.007"/>
  <testcase name="deleteProject" classname="com.ops.server.controller.ProjectControllerTest" time="0.001"/>
  <testcase name="listProjects" classname="com.ops.server.controller.ProjectControllerTest" time="0.003"/>
  <testcase name="listProjects_empty" classname="com.ops.server.controller.ProjectControllerTest" time="0.002"/>
  <testcase name="createProject_duplicateName" classname="com.ops.server.controller.ProjectControllerTest" time="0.003"/>
  <testcase name="createProject" classname="com.ops.server.controller.ProjectControllerTest" time="0.002"/>
</testsuite>